Summary
----------------------------------------------------------------
        Layer (type)               Output Shape         Param #
================================================================
            Conv2d-1           [-1, 16, 16, 16]             448
         MaxPool2d-2             [-1, 16, 8, 8]               0
            Conv2d-3             [-1, 32, 8, 8]           4,640
         MaxPool2d-4             [-1, 32, 4, 4]               0
            Conv2d-5             [-1, 80, 4, 4]          23,120
         MaxPool2d-6             [-1, 80, 2, 2]               0
 AdaptiveMaxPool2d-7             [-1, 80, 1, 1]               0
            Linear-8                   [-1, 10]             810
================================================================
Total params: 29,018
Trainable params: 29,018
Non-trainable params: 0
----------------------------------------------------------------
Input size (MB): 0.00
Forward/backward pass size (MB): 0.07
Params size (MB): 0.11
Estimated Total Size (MB): 0.19
----------------------------------------------------------------
None
train loss after 1 epochs: 0.04608256354844074
val loss after 1 epochs: 0.012819582547527443
train loss after 2 epochs: 0.017027438517379936
val loss after 2 epochs: 0.009486773817835324
train loss after 3 epochs: 0.011982701346727133
val loss after 3 epochs: 0.013318086601503786
train loss after 4 epochs: 0.00985910511908223
val loss after 4 epochs: 0.012146781191351926
train loss after 5 epochs: 0.00916234792742238
val loss after 5 epochs: 0.016003757097033725
train loss after 6 epochs: 0.007498171580520311
val loss after 6 epochs: 0.012280017262187463
train loss after 7 epochs: 0.00644800070914012
val loss after 7 epochs: 0.013728912091249606
train loss after 8 epochs: 0.006322995868612469
val loss after 8 epochs: 0.014607888561583604
Accuracy of the network on the 10000 test images: 98 %

Process finished with exit code 0
